The system is: Windows - 10.0.17746 - AMD64
Compiling the C compiler identification source file "CMakeCCompilerId.c" succeeded.
Compiler: C:/Program Files (x86)/Microsoft Visual Studio/2017/Professional/VC/Tools/MSVC/14.15.26726/bin/Hostx86/x86/cl.exe 
Build flags: 
Id flags:  

The output was:
0
Microsoft (R) C/C++ Optimizing Compiler Version 19.15.26730 for x86
Copyright (C) Microsoft Corporation.  All rights reserved.

CMakeCCompilerId.c
Microsoft (R) Incremental Linker Version 14.15.26730.0
Copyright (C) Microsoft Corporation.  All rights reserved.

/out:CMakeCCompilerId.exe 
CMakeCCompilerId.obj 


Compilation of the C compiler identification source "CMakeCCompilerId.c" produced "CMakeCCompilerId.exe"

Compilation of the C compiler identification source "CMakeCCompilerId.c" produced "CMakeCCompilerId.obj"

The C compiler identification is MSVC, found in "C:/Appdev/Playground/RayTracers/C/cmake-build-debug/CMakeFiles/3.12.3/CompilerIdC/CMakeCCompilerId.exe"

Determining if the C compiler works passed with the following output:
Change Dir: C:/Appdev/Playground/RayTracers/C/cmake-build-debug/CMakeFiles/CMakeTmp

Run Build Command:"nmake" "/nologo" "cmTC_fa60c\fast"
	"C:\Program Files (x86)\Microsoft Visual Studio\2017\Professional\VC\Tools\MSVC\14.15.26726\bin\HostX86\x86\nmake.exe" -f CMakeFiles\cmTC_fa60c.dir\build.make /nologo -L                  CMakeFiles\cmTC_fa60c.dir\build
Building C object CMakeFiles/cmTC_fa60c.dir/testCCompiler.c.obj
	C:\PROGRA~2\MICROS~2\2017\PROFES~1\VC\Tools\MSVC\1415~1.267\bin\Hostx86\x86\cl.exe @C:\Users\colin\AppData\Local\Temp\nm70DA.tmp
testCCompiler.c
Linking C executable cmTC_fa60c.exe
	C:\Users\colin\AppData\Local\JetBrains\Toolbox\apps\CLion\ch-0\182.5107.21\bin\cmake\win\bin\cmake.exe -E vs_link_exe --intdir=CMakeFiles\cmTC_fa60c.dir --manifests  -- C:\PROGRA~2\MICROS~2\2017\PROFES~1\VC\Tools\MSVC\1415~1.267\bin\Hostx86\x86\link.exe /nologo @CMakeFiles\cmTC_fa60c.dir\objects1.rsp @C:\Users\colin\AppData\Local\Temp\nm71C6.tmp


Detecting C compiler ABI info compiled with the following output:
Change Dir: C:/Appdev/Playground/RayTracers/C/cmake-build-debug/CMakeFiles/CMakeTmp

Run Build Command:"nmake" "/nologo" "cmTC_39757\fast"
	"C:\Program Files (x86)\Microsoft Visual Studio\2017\Professional\VC\Tools\MSVC\14.15.26726\bin\HostX86\x86\nmake.exe" -f CMakeFiles\cmTC_39757.dir\build.make /nologo -L                  CMakeFiles\cmTC_39757.dir\build
Building C object CMakeFiles/cmTC_39757.dir/CMakeCCompilerABI.c.obj
	C:\PROGRA~2\MICROS~2\2017\PROFES~1\VC\Tools\MSVC\1415~1.267\bin\Hostx86\x86\cl.exe @C:\Users\colin\AppData\Local\Temp\nm7A12.tmp
CMakeCCompilerABI.c
Linking C executable cmTC_39757.exe
	C:\Users\colin\AppData\Local\JetBrains\Toolbox\apps\CLion\ch-0\182.5107.21\bin\cmake\win\bin\cmake.exe -E vs_link_exe --intdir=CMakeFiles\cmTC_39757.dir --manifests  -- C:\PROGRA~2\MICROS~2\2017\PROFES~1\VC\Tools\MSVC\1415~1.267\bin\Hostx86\x86\link.exe /nologo @CMakeFiles\cmTC_39757.dir\objects1.rsp @C:\Users\colin\AppData\Local\Temp\nm7B0D.tmp




Detecting C [] compiler features compiled with the following output:
Change Dir: C:/Appdev/Playground/RayTracers/C/cmake-build-debug/CMakeFiles/CMakeTmp

Run Build Command:"nmake" "/nologo" "cmTC_23343\fast"
	"C:\Program Files (x86)\Microsoft Visual Studio\2017\Professional\VC\Tools\MSVC\14.15.26726\bin\HostX86\x86\nmake.exe" -f CMakeFiles\cmTC_23343.dir\build.make /nologo -L                  CMakeFiles\cmTC_23343.dir\build
Building C object CMakeFiles/cmTC_23343.dir/feature_tests.c.obj
	C:\PROGRA~2\MICROS~2\2017\PROFES~1\VC\Tools\MSVC\1415~1.267\bin\Hostx86\x86\cl.exe @C:\Users\colin\AppData\Local\Temp\nm8368.tmp
feature_tests.c
Linking C executable cmTC_23343.exe
	C:\Users\colin\AppData\Local\JetBrains\Toolbox\apps\CLion\ch-0\182.5107.21\bin\cmake\win\bin\cmake.exe -E vs_link_exe --intdir=CMakeFiles\cmTC_23343.dir --manifests  -- C:\PROGRA~2\MICROS~2\2017\PROFES~1\VC\Tools\MSVC\1415~1.267\bin\Hostx86\x86\link.exe /nologo @CMakeFiles\cmTC_23343.dir\objects1.rsp @C:\Users\colin\AppData\Local\Temp\nm84B1.tmp


    Feature record: C_FEATURE:1c_function_prototypes
    Feature record: C_FEATURE:1c_variadic_macros
